This is pdfTeX, Version 3.14159265-2.6-1.40.21 (TeX Live 2020) (preloaded format=pdflatex 2020.4.7)  6 DEC 2020 08:52
entering extended mode
 restricted \write18 enabled.
 %&-line parsing enabled.
**main.tex
(./main.tex
LaTeX2e <2020-02-02> patch level 5
L3 programming layer <2020-03-06> (./llncs.cls
Document Class: llncs 2015/06/24 v2.20 
 LaTeX document class for Lecture Notes in Computer Science
(/usr/local/texlive/2020/texmf-dist/tex/latex/base/article.cls
Document Class: article 2019/12/20 v1.4l Standard LaTeX document class
(/usr/local/texlive/2020/texmf-dist/tex/latex/base/size10.clo
File: size10.clo 2019/12/20 v1.4l Standard LaTeX file (size option)
)
\c@part=\count167
\c@section=\count168
\c@subsection=\count169
\c@subsubsection=\count170
\c@paragraph=\count171
\c@subparagraph=\count172
\c@figure=\count173
\c@table=\count174
\abovecaptionskip=\skip47
\belowcaptionskip=\skip48
\bibindent=\dimen134
)
(/usr/local/texlive/2020/texmf-dist/tex/latex/tools/multicol.sty
Package: multicol 2019/12/09 v1.8y multicolumn formatting (FMi)
\c@tracingmulticols=\count175
\mult@box=\box45
\multicol@leftmargin=\dimen135
\c@unbalance=\count176
\c@collectmore=\count177
\doublecol@number=\count178
\multicoltolerance=\count179
\multicolpretolerance=\count180
\full@width=\dimen136
\page@free=\dimen137
\premulticols=\dimen138
\postmulticols=\dimen139
\multicolsep=\skip49
\multicolbaselineskip=\skip50
\partial@page=\box46
\last@line=\box47
\maxbalancingoverflow=\dimen140
\mult@rightbox=\box48
\mult@grightbox=\box49
\mult@gfirstbox=\box50
\mult@firstbox=\box51
\@tempa=\box52
\@tempa=\box53
\@tempa=\box54
\@tempa=\box55
\@tempa=\box56
\@tempa=\box57
\@tempa=\box58
\@tempa=\box59
\@tempa=\box60
\@tempa=\box61
\@tempa=\box62
\@tempa=\box63
\@tempa=\box64
\@tempa=\box65
\@tempa=\box66
\@tempa=\box67
\@tempa=\box68
\@tempa=\box69
\@tempa=\box70
\@tempa=\box71
\@tempa=\box72
\@tempa=\box73
\@tempa=\box74
\@tempa=\box75
\@tempa=\box76
\@tempa=\box77
\@tempa=\box78
\@tempa=\box79
\@tempa=\box80
\@tempa=\box81
\@tempa=\box82
\@tempa=\box83
\@tempa=\box84
\@tempa=\box85
\@tempa=\box86
\@tempa=\box87
\@tempa=\box88
\c@minrows=\count181
\c@columnbadness=\count182
\c@finalcolumnbadness=\count183
\last@try=\dimen141
\multicolovershoot=\dimen142
\multicolundershoot=\dimen143
\mult@nat@firstbox=\box89
\colbreak@box=\box90
\mc@col@check@num=\count184
)
(./aliascnt.sty
Package: aliascnt 2009/09/08 v1.3 Alias counter (HO)
 (./remreset.sty))
\c@chapter=\count185
LaTeX Font Info:    Redeclaring math symbol \Gamma on input line 362.
LaTeX Font Info:    Redeclaring math symbol \Delta on input line 363.
LaTeX Font Info:    Redeclaring math symbol \Theta on input line 364.
LaTeX Font Info:    Redeclaring math symbol \Lambda on input line 365.
LaTeX Font Info:    Redeclaring math symbol \Xi on input line 366.
LaTeX Font Info:    Redeclaring math symbol \Pi on input line 367.
LaTeX Font Info:    Redeclaring math symbol \Sigma on input line 368.
LaTeX Font Info:    Redeclaring math symbol \Upsilon on input line 369.
LaTeX Font Info:    Redeclaring math symbol \Phi on input line 370.
LaTeX Font Info:    Redeclaring math symbol \Psi on input line 371.
LaTeX Font Info:    Redeclaring math symbol \Omega on input line 372.
\tocchpnum=\dimen144
\tocsecnum=\dimen145
\tocsectotal=\dimen146
\tocsubsecnum=\dimen147
\tocsubsectotal=\dimen148
\tocsubsubsecnum=\dimen149
\tocsubsubsectotal=\dimen150
\tocparanum=\dimen151
\tocparatotal=\dimen152
\tocsubparanum=\dimen153
\@tempcntc=\count186
\fnindent=\dimen154
\c@@inst=\count187
\c@@auth=\count188
\c@auco=\count189
\instindent=\dimen155
\authrun=\box91
\authorrunning=\toks15
\tocauthor=\toks16
\titrun=\box92
\titlerunning=\toks17
\toctitle=\toks18
\c@theorem=\count190
\c@case=\count191
\c@conjecture=\count192
\c@corollary=\count193
\c@definition=\count194
\c@example=\count195
\c@exercise=\count196
\c@lemma=\count197
\c@note=\count198
\c@problem=\count199
\c@property=\count266
\c@proposition=\count267
\c@question=\count268
\c@solution=\count269
\c@remark=\count270
\headlineindent=\dimen156
)
(/usr/local/texlive/2020/texmf-dist/tex/latex/geometry/geometry.sty
Package: geometry 2020/01/02 v5.9 Page Geometry

(/usr/local/texlive/2020/texmf-dist/tex/latex/graphics/keyval.sty
Package: keyval 2014/10/28 v1.15 key=value parser (DPC)
\KV@toks@=\toks19
)
(/usr/local/texlive/2020/texmf-dist/tex/generic/iftex/ifvtex.sty
Package: ifvtex 2019/10/25 v1.7 ifvtex legacy package. Use iftex instead.

(/usr/local/texlive/2020/texmf-dist/tex/generic/iftex/iftex.sty
Package: iftex 2020/03/06 v1.0d TeX engine tests
))
\Gm@cnth=\count271
\Gm@cntv=\count272
\c@Gm@tempcnt=\count273
\Gm@bindingoffset=\dimen157
\Gm@wd@mp=\dimen158
\Gm@odd@mp=\dimen159
\Gm@even@mp=\dimen160
\Gm@layoutwidth=\dimen161
\Gm@layoutheight=\dimen162
\Gm@layouthoffset=\dimen163
\Gm@layoutvoffset=\dimen164
\Gm@dimlist=\toks20
)
(/usr/local/texlive/2020/texmf-dist/tex/latex/base/makeidx.sty
Package: makeidx 2014/09/29 v1.0m Standard LaTeX package
)
(/usr/local/texlive/2020/texmf-dist/tex/latex/tools/tabularx.sty
Package: tabularx 2020/01/15 v2.11c `tabularx' package (DPC)

(/usr/local/texlive/2020/texmf-dist/tex/latex/tools/array.sty
Package: array 2019/08/31 v2.4l Tabular extension package (FMi)
\col@sep=\dimen165
\ar@mcellbox=\box93
\extrarowheight=\dimen166
\NC@list=\toks21
\extratabsurround=\skip51
\backup@length=\skip52
\ar@cellbox=\box94
)
\TX@col@width=\dimen167
\TX@old@table=\dimen168
\TX@old@col=\dimen169
\TX@target=\dimen170
\TX@delta=\dimen171
\TX@cols=\count274
\TX@ftn=\toks22
)
(/usr/local/texlive/2020/texmf-dist/tex/latex/colortbl/colortbl.sty
Package: colortbl 2020/01/04 v1.0e Color table columns (DPC)

(/usr/local/texlive/2020/texmf-dist/tex/latex/graphics/color.sty
Package: color 2019/11/23 v1.2a Standard LaTeX Color (DPC)

(/usr/local/texlive/2020/texmf-dist/tex/latex/graphics-cfg/color.cfg
File: color.cfg 2016/01/02 v1.6 sample color configuration
)
Package color Info: Driver file: pdftex.def on input line 147.

(/usr/local/texlive/2020/texmf-dist/tex/latex/graphics-def/pdftex.def
File: pdftex.def 2018/01/08 v1.0l Graphics/color driver for pdftex
))
\everycr=\toks23
\minrowclearance=\skip53
)
(/usr/local/texlive/2020/texmf-dist/tex/latex/xcolor/xcolor.sty
Package: xcolor 2016/05/11 v2.12 LaTeX color extensions (UK)

(/usr/local/texlive/2020/texmf-dist/tex/latex/graphics-cfg/color.cfg
File: color.cfg 2016/01/02 v1.6 sample color configuration
)
Package xcolor Info: Driver file: pdftex.def on input line 225.
LaTeX Info: Redefining \color on input line 709.
Package xcolor Info: Model `cmy' substituted by `cmy0' on input line 1348.
Package xcolor Info: Model `hsb' substituted by `rgb' on input line 1352.
Package xcolor Info: Model `RGB' extended on input line 1364.
Package xcolor Info: Model `HTML' substituted by `rgb' on input line 1366.
Package xcolor Info: Model `Hsb' substituted by `hsb' on input line 1367.
Package xcolor Info: Model `tHsb' substituted by `hsb' on input line 1368.
Package xcolor Info: Model `HSB' substituted by `hsb' on input line 1369.
Package xcolor Info: Model `Gray' substituted by `gray' on input line 1370.
Package xcolor Info: Model `wave' substituted by `hsb' on input line 1371.

(/usr/local/texlive/2020/texmf-dist/tex/latex/graphics/dvipsnam.def
File: dvipsnam.def 2016/06/17 v3.0m Driver-dependent file (DPC,SPQR)
))
(/usr/local/texlive/2020/texmf-dist/tex/latex/sttools/flushend.sty
Package: flushend 2017/03/27 v3.3 Balancing columns in twocolumn mode
\flushend@@lastskip@a=\skip54
\flushend@@lastskip@b=\skip55
\flushend@@lastskip@c=\skip56
\flushend@@penalty@a=\count275
\flushend@@lastkern@a=\dimen172
\var@@temp@spread=\dimen173
\var@@temp@a=\dimen174
\flushend@@page@rule=\dimen175
\flushend@@varbox@a=\box95
\flushend@@varbox@c=\box96
\flushend@@tempbox@a=\box97
\flushend@@tempbox@c=\box98
\@viper=\box99
\hold@viper=\box100
\atColsBreak=\toks24
\atColsEnd=\toks25

(/usr/local/texlive/2020/texmf-dist/tex/latex/etoolbox/etoolbox.sty
Package: etoolbox 2019/09/21 v2.5h e-TeX tools for LaTeX (JAW)
\etb@tempcnta=\count276
))
(/usr/local/texlive/2020/texmf-dist/tex/latex/cite/cite.sty
LaTeX Info: Redefining \cite on input line 302.
LaTeX Info: Redefining \nocite on input line 332.
Package: cite 2015/02/27  v 5.5
)
(/usr/local/texlive/2020/texmf-dist/tex/latex/amsmath/amsmath.sty
Package: amsmath 2020/01/20 v2.17e AMS math features
\@mathmargin=\skip57

For additional information on amsmath, use the `?' option.
(/usr/local/texlive/2020/texmf-dist/tex/latex/amsmath/amstext.sty
Package: amstext 2000/06/29 v2.01 AMS text

(/usr/local/texlive/2020/texmf-dist/tex/latex/amsmath/amsgen.sty
File: amsgen.sty 1999/11/30 v2.0 generic functions
\@emptytoks=\toks26
\ex@=\dimen176
))
(/usr/local/texlive/2020/texmf-dist/tex/latex/amsmath/amsbsy.sty
Package: amsbsy 1999/11/29 v1.2d Bold Symbols
\pmbraise@=\dimen177
)
(/usr/local/texlive/2020/texmf-dist/tex/latex/amsmath/amsopn.sty
Package: amsopn 2016/03/08 v2.02 operator names
)
\inf@bad=\count277
LaTeX Info: Redefining \frac on input line 227.
\uproot@=\count278
\leftroot@=\count279
LaTeX Info: Redefining \overline on input line 389.
\classnum@=\count280
\DOTSCASE@=\count281
LaTeX Info: Redefining \ldots on input line 486.
LaTeX Info: Redefining \dots on input line 489.
LaTeX Info: Redefining \cdots on input line 610.
\Mathstrutbox@=\box101
\strutbox@=\box102
\big@size=\dimen178
LaTeX Font Info:    Redeclaring font encoding OML on input line 733.
LaTeX Font Info:    Redeclaring font encoding OMS on input line 734.
\macc@depth=\count282
\c@MaxMatrixCols=\count283
\dotsspace@=\muskip16
\c@parentequation=\count284
\dspbrk@lvl=\count285
\tag@help=\toks27
\row@=\count286
\column@=\count287
\maxfields@=\count288
\andhelp@=\toks28
\eqnshift@=\dimen179
\alignsep@=\dimen180
\tagshift@=\dimen181
\tagwidth@=\dimen182
\totwidth@=\dimen183
\lineht@=\dimen184
\@envbody=\toks29
\multlinegap=\skip58
\multlinetaggap=\skip59
\mathdisplay@stack=\toks30
LaTeX Info: Redefining \[ on input line 2859.
LaTeX Info: Redefining \] on input line 2860.
)
(/usr/local/texlive/2020/texmf-dist/tex/latex/amsfonts/amssymb.sty
Package: amssymb 2013/01/14 v3.01 AMS font symbols

(/usr/local/texlive/2020/texmf-dist/tex/latex/amsfonts/amsfonts.sty
Package: amsfonts 2013/01/14 v3.01 Basic AMSFonts support
\symAMSa=\mathgroup4
\symAMSb=\mathgroup5
LaTeX Font Info:    Redeclaring math symbol \hbar on input line 98.
LaTeX Font Info:    Overwriting math alphabet `\mathfrak' in version `bold'
(Font)                  U/euf/m/n --> U/euf/b/n on input line 106.
))
(/usr/local/texlive/2020/texmf-dist/tex/latex/graphics/epsfig.sty
Package: epsfig 2017/06/25 v1.7b (e)psfig emulation (SPQR)

(/usr/local/texlive/2020/texmf-dist/tex/latex/graphics/graphicx.sty
Package: graphicx 2019/11/30 v1.2a Enhanced LaTeX Graphics (DPC,SPQR)

(/usr/local/texlive/2020/texmf-dist/tex/latex/graphics/graphics.sty
Package: graphics 2019/11/30 v1.4a Standard LaTeX Graphics (DPC,SPQR)

(/usr/local/texlive/2020/texmf-dist/tex/latex/graphics/trig.sty
Package: trig 2016/01/03 v1.10 sin cos tan (DPC)
)
(/usr/local/texlive/2020/texmf-dist/tex/latex/graphics-cfg/graphics.cfg
File: graphics.cfg 2016/06/04 v1.11 sample graphics configuration
)
Package graphics Info: Driver file: pdftex.def on input line 105.
)
\Gin@req@height=\dimen185
\Gin@req@width=\dimen186
)
\epsfxsize=\dimen187
\epsfysize=\dimen188
)
(/usr/local/texlive/2020/texmf-dist/tex/latex/stmaryrd/stmaryrd.sty
Package: stmaryrd 1994/03/03 St Mary's Road symbol package
\symstmry=\mathgroup6
LaTeX Font Info:    Overwriting symbol font `stmry' in version `bold'
(Font)                  U/stmry/m/n --> U/stmry/b/n on input line 89.
)
(/usr/local/texlive/2020/texmf-dist/tex/latex/url/url.sty
\Urlmuskip=\muskip17
Package: url 2013/09/16  ver 3.4  Verb mode for urls, etc.
)
(/usr/local/texlive/2020/texmf-dist/tex/latex/tools/bm.sty
Package: bm 2019/07/24 v1.2d Bold Symbol Support (DPC/FMi)
\symboldoperators=\mathgroup7
\symboldletters=\mathgroup8
\symboldsymbols=\mathgroup9
\symboldstmry=\mathgroup10
LaTeX Font Info:    Redeclaring math alphabet \mathbf on input line 141.
LaTeX Info: Redefining \bm on input line 209.
)
(/usr/local/texlive/2020/texmf-dist/tex/latex/multirow/multirow.sty
Package: multirow 2019/05/31 v2.5 Span multiple rows of a table
\multirow@colwidth=\skip60
\multirow@cntb=\count289
\multirow@dima=\skip61
\bigstrutjot=\dimen189
)
(/usr/local/texlive/2020/texmf-dist/tex/latex/base/latexsym.sty
Package: latexsym 1998/08/17 v2.2e Standard LaTeX package (lasy symbols)
\symlasy=\mathgroup11
LaTeX Font Info:    Overwriting symbol font `lasy' in version `bold'
(Font)                  U/lasy/m/n --> U/lasy/b/n on input line 52.
)
(/usr/local/texlive/2020/texmf-dist/tex/latex/enumitem/enumitem.sty
Package: enumitem 2019/06/20 v3.9 Customized lists
\labelindent=\skip62
\enit@outerparindent=\dimen190
\enit@toks=\toks31
\enit@inbox=\box103
\enit@count@id=\count290
\enitdp@description=\count291
)
(/usr/local/texlive/2020/texmf-dist/tex/latex/comment/comment.sty
\CommentStream=\write3

Excluding comment 'comment')
(/usr/local/texlive/2020/texmf-dist/tex/latex/tools/longtable.sty
Package: longtable 2020/01/07 v4.13 Multi-page Table package (DPC)
\LTleft=\skip63
\LTright=\skip64
\LTpre=\skip65
\LTpost=\skip66
\LTchunksize=\count292
\LTcapwidth=\dimen191
\LT@head=\box104
\LT@firsthead=\box105
\LT@foot=\box106
\LT@lastfoot=\box107
\LT@cols=\count293
\LT@rows=\count294
\c@LT@tables=\count295
\c@LT@chunks=\count296
\LT@p@ftn=\toks32
)
(/usr/local/texlive/2020/texmf-dist/tex/latex/supertabular/supertabular.sty
Package: supertabular 2020/02/02 v4.1g the supertabular environment
\c@tracingst=\count297
\ST@wd=\dimen192
\ST@rightskip=\skip67
\ST@leftskip=\skip68
\ST@parfillskip=\skip69
\ST@pageleft=\dimen193
\ST@headht=\dimen194
\ST@tailht=\dimen195
\ST@pagesofar=\dimen196
\ST@pboxht=\dimen197
\ST@lineht=\dimen198
\ST@prevht=\dimen199
\ST@toadd=\dimen256
\ST@dimen=\dimen257
\ST@pbox=\box108
)
(/usr/local/texlive/2020/texmf-dist/tex/latex/psnfss/times.sty
Package: times 2005/04/12 PSNFSS-v9.2a (SPQR) 
)
(/usr/local/texlive/2020/texmf-dist/tex/latex/listings/listings.sty
\lst@mode=\count298
\lst@gtempboxa=\box109
\lst@token=\toks33
\lst@length=\count299
\lst@currlwidth=\dimen258
\lst@column=\count300
\lst@pos=\count301
\lst@lostspace=\dimen259
\lst@width=\dimen260
\lst@newlines=\count302
\lst@lineno=\count303
\lst@maxwidth=\dimen261

(/usr/local/texlive/2020/texmf-dist/tex/latex/listings/lstmisc.sty
File: lstmisc.sty 2020/03/24 1.8d (Carsten Heinz)
\c@lstnumber=\count304
\lst@skipnumbers=\count305
\lst@framebox=\box110
)
(/usr/local/texlive/2020/texmf-dist/tex/latex/listings/listings.cfg
File: listings.cfg 2020/03/24 1.8d listings configuration
))
Package: listings 2020/03/24 1.8d (Carsten Heinz)

(/usr/local/texlive/2020/texmf-dist/tex/latex/subfigure/subfigure.sty
Package: subfigure 2002/03/15 v2.1.5 subfigure package
\subfigtopskip=\skip70
\subfigcapskip=\skip71
\subfigcaptopadj=\dimen262
\subfigbottomskip=\skip72
\subfigcapmargin=\dimen263
\subfiglabelskip=\skip73
\c@subfigure=\count306
\c@lofdepth=\count307
\c@subtable=\count308
\c@lotdepth=\count309

****************************************
* Local config file subfigure.cfg used *
****************************************
(/usr/local/texlive/2020/texmf-dist/tex/latex/subfigure/subfigure.cfg)
\subfig@top=\skip74
\subfig@bottom=\skip75
)
(/usr/local/texlive/2020/texmf-dist/tex/latex/booktabs/booktabs.sty
Package: booktabs 2020/01/12 v1.61803398 Publication quality tables
\heavyrulewidth=\dimen264
\lightrulewidth=\dimen265
\cmidrulewidth=\dimen266
\belowrulesep=\dimen267
\belowbottomsep=\dimen268
\aboverulesep=\dimen269
\abovetopsep=\dimen270
\cmidrulesep=\dimen271
\cmidrulekern=\dimen272
\defaultaddspace=\dimen273
\@cmidla=\count310
\@cmidlb=\count311
\@aboverulesep=\dimen274
\@belowrulesep=\dimen275
\@thisruleclass=\count312
\@lastruleclass=\count313
\@thisrulewidth=\dimen276
)
(/usr/local/texlive/2020/texmf-dist/tex/latex/preprint/balance.sty
Package: balance 1999/02/23 4.3 (PWD)
\oldvsize=\dimen277
)
(/usr/local/texlive/2020/texmf-dist/tex/latex/tools/xspace.sty
Package: xspace 2014/10/28 v1.13 Space after command names (DPC,MH)
)
(/usr/local/texlive/2020/texmf-dist/tex/latex/algorithm2e/algorithm2e.sty
Package: algorithm2e 2017/07/18 v5.2 algorithms environments
\c@AlgoLine=\count314

(/usr/local/texlive/2020/texmf-dist/tex/latex/base/ifthen.sty
Package: ifthen 2014/09/29 v1.1c Standard LaTeX ifthen package (DPC)
)
\algocf@hangindent=\skip76

(/usr/local/texlive/2020/texmf-dist/tex/latex/ifoddpage/ifoddpage.sty
Package: ifoddpage 2016/04/23 v1.1 Conditionals for odd/even page detection
\c@checkoddpage=\count315
)
(/usr/local/texlive/2020/texmf-dist/tex/latex/relsize/relsize.sty
Package: relsize 2013/03/29 ver 4.1
)
\skiptotal=\skip77
\skiplinenumber=\skip78
\skiprule=\skip79
\skiphlne=\skip80
\skiptext=\skip81
\skiplength=\skip82
\algomargin=\skip83
\skipalgocfslide=\skip84
\algowidth=\dimen278
\inoutsize=\dimen279
\inoutindent=\dimen280
\interspacetitleruled=\dimen281
\interspacealgoruled=\dimen282
\interspacetitleboxruled=\dimen283
\algocf@ruledwidth=\skip85
\algocf@inoutbox=\box111
\algocf@inputbox=\box112
\AlCapSkip=\skip86
\AlCapHSkip=\skip87
\algoskipindent=\skip88
\algocf@nlbox=\box113
\algocf@hangingbox=\box114
\algocf@untilbox=\box115
\algocf@skipuntil=\skip89
\algocf@capbox=\box116
\algocf@lcaptionbox=\skip90
\algoheightruledefault=\skip91
\algoheightrule=\skip92
\algotitleheightruledefault=\skip93
\algotitleheightrule=\skip94
\c@algocfline=\count316
\c@algocfproc=\count317
\c@algocf=\count318
\algocf@algoframe=\box117
\algocf@algobox=\box118
)
(/usr/local/texlive/2020/texmf-dist/tex/latex/csquotes/csquotes.sty
Package: csquotes 2019-12-06 v5.2j context-sensitive quotations (JAW)
\csq@reset=\count319
\csq@gtype=\count320
\csq@glevel=\count321
\csq@qlevel=\count322
\csq@maxlvl=\count323
\csq@tshold=\count324
\csq@ltx@everypar=\toks34

(/usr/local/texlive/2020/texmf-dist/tex/latex/csquotes/csquotes.def
File: csquotes.def 2019-12-06 v5.2j csquotes generic definitions (JAW)
)
Package csquotes Info: Trying to load configuration file 'csquotes.cfg'...
Package csquotes Info: ... configuration file loaded successfully.

(/usr/local/texlive/2020/texmf-dist/tex/latex/csquotes/csquotes.cfg
File: csquotes.cfg 
)
Package csquotes Info: Enabling multilingual quotes.
)
(/usr/local/texlive/2020/texmf-dist/tex/latex/caption/caption.sty
Package: caption 2020/01/03 v3.4h Customizing captions (AR)

(/usr/local/texlive/2020/texmf-dist/tex/latex/caption/caption3.sty
Package: caption3 2020/01/03 v1.8h caption3 kernel (AR)
Package caption3 Info: TeX engine: e-TeX on input line 61.
\captionmargin=\dimen284
\captionmargin@=\dimen285
\captionwidth=\dimen286
\caption@tempdima=\dimen287
\caption@indent=\dimen288
\caption@parindent=\dimen289
\caption@hangindent=\dimen290
Package caption Info: Unknown document class (or package),
(caption)             standard defaults will be used.
Package caption Info: \@makecaption = \long macro:#1#2->\small \vskip \abovecap
tionskip \sbox \@tempboxa {{\bfseries #1.} #2}\ifdim \wd \@tempboxa >\hsize {\b
fseries #1.} #2\par \else \global \@minipagefalse \hb@xt@ \hsize {\hfil \box \@
tempboxa \hfil }\fi \vskip \belowcaptionskip  on input line 1082.
)

Package caption Warning: Unknown document class (or package),
(caption)                standard defaults will be used.
See the caption package documentation for explanation.

\c@caption@flags=\count325
\c@continuedfloat=\count326
Package caption Info: listings package is loaded.
Package caption Info: longtable package is loaded.
(/usr/local/texlive/2020/texmf-dist/tex/latex/caption/ltcaption.sty
Package: ltcaption 2018/08/26 v1.4a longtable captions (AR)
)
Package caption Info: subfigure package is loaded.
Package caption Info: supertabular package is loaded.
)
(/usr/local/texlive/2020/texmf-dist/tex/latex/glossaries/base/glossaries.sty
Package: glossaries 2020/03/19 v4.46 (NLCT)

(/usr/local/texlive/2020/texmf-dist/tex/latex/xkeyval/xkeyval.sty
Package: xkeyval 2014/12/03 v2.7a package option processing (HA)

(/usr/local/texlive/2020/texmf-dist/tex/generic/xkeyval/xkeyval.tex
(/usr/local/texlive/2020/texmf-dist/tex/generic/xkeyval/xkvutils.tex
\XKV@toks=\toks35
\XKV@tempa@toks=\toks36
)
\XKV@depth=\count327
File: xkeyval.tex 2014/12/03 v2.7a key=value parser (HA)
))
(/usr/local/texlive/2020/texmf-dist/tex/latex/mfirstuc/mfirstuc.sty
Package: mfirstuc 2017/11/14 v2.06 (NLCT)
\@glsmfirst=\toks37
\@glsmrest=\toks38
)
(/usr/local/texlive/2020/texmf-dist/tex/latex/textcase/textcase.sty
Package: textcase 2019/09/14 v1.00 Text only upper/lower case changing (DPC)
)
(/usr/local/texlive/2020/texmf-dist/tex/latex/xfor/xfor.sty
Package: xfor 2009/02/05 v1.05 (NLCT)
)
(/usr/local/texlive/2020/texmf-dist/tex/latex/datatool/datatool-base.sty
Package: datatool-base 2019/09/27 v2.32 (NLCT)

(/usr/local/texlive/2020/texmf-dist/tex/latex/substr/substr.sty
Package: substr 2009/10/20 v1.2 Handle substrings
\c@su@anzahl=\count328
)
(/usr/local/texlive/2020/texmf-dist/tex/latex/datatool/datatool-fp.sty
Package: datatool-fp 2019/09/27 v2.32 (NLCT)

(/usr/local/texlive/2020/texmf-dist/tex/latex/fp/fp.sty
Package: fp 1995/04/02

`Fixed Point Package', Version 0.8, April 2, 1995 (C) Michael Mehlich
(/usr/local/texlive/2020/texmf-dist/tex/latex/fp/defpattern.sty
Package: defpattern 1994/10/12
\actioncount=\count329
)
(/usr/local/texlive/2020/texmf-dist/tex/latex/fp/fp-basic.sty
Package: fp-basic 1996/05/13
\FP@xs=\count330
\FP@xia=\count331
\FP@xib=\count332
\FP@xfa=\count333
\FP@xfb=\count334
\FP@rega=\count335
\FP@regb=\count336
\FP@regs=\count337
\FP@times=\count338
)
(/usr/local/texlive/2020/texmf-dist/tex/latex/fp/fp-addons.sty
Package: fp-addons 1995/03/15
)
(/usr/local/texlive/2020/texmf-dist/tex/latex/fp/fp-snap.sty
Package: fp-snap 1995/04/05
)
(/usr/local/texlive/2020/texmf-dist/tex/latex/fp/fp-exp.sty
Package: fp-exp 1995/04/03
)
(/usr/local/texlive/2020/texmf-dist/tex/latex/fp/fp-trigo.sty
Package: fp-trigo 1995/04/14
)
(/usr/local/texlive/2020/texmf-dist/tex/latex/fp/fp-pas.sty
Package: fp-pas 1994/08/29
)
(/usr/local/texlive/2020/texmf-dist/tex/latex/fp/fp-random.sty
Package: fp-random 1995/02/23
\FPseed=\count339
)
(/usr/local/texlive/2020/texmf-dist/tex/latex/fp/fp-eqn.sty
Package: fp-eqn 1995/04/03
)
(/usr/local/texlive/2020/texmf-dist/tex/latex/fp/fp-upn.sty
Package: fp-upn 1996/10/21
)
(/usr/local/texlive/2020/texmf-dist/tex/latex/fp/fp-eval.sty
Package: fp-eval 1995/04/03
)))
\@dtl@toks=\toks39
\@dtl@tmpcount=\count340
\dtl@tmplength=\skip95
\dtl@sortresult=\count341
\@dtl@numgrpsepcount=\count342
\@dtl@datatype=\count343
\dtl@codeA=\count344
\dtl@codeB=\count345
\@dtl@foreach@level=\count346
)
(/usr/local/texlive/2020/texmf-dist/tex/latex/glossaries/base/glossaries-compat
ible-307.sty
Package: glossaries-compatible-307 2020/03/19 v4.46 (NLCT)
)
\gls@level=\count347
\@gls@tmpb=\toks40
\gls@tmplen=\skip96
\glskeylisttok=\toks41
\glslabeltok=\toks42
\glsshorttok=\toks43
\glslongtok=\toks44

(/usr/local/texlive/2020/texmf-dist/tex/latex/glossaries/styles/glossary-hypern
av.sty
Package: glossary-hypernav 2020/03/19 v4.46 (NLCT)
)
(/usr/local/texlive/2020/texmf-dist/tex/latex/glossaries/styles/glossary-list.s
ty
Package: glossary-list 2020/03/19 v4.46 (NLCT)
\glslistdottedwidth=\skip97
)
(/usr/local/texlive/2020/texmf-dist/tex/latex/glossaries/styles/glossary-long.s
ty
Package: glossary-long 2020/03/19 v4.46 (NLCT)
\glsdescwidth=\skip98
\glspagelistwidth=\skip99
)
(/usr/local/texlive/2020/texmf-dist/tex/latex/glossaries/styles/glossary-super.
sty
Package: glossary-super 2020/03/19 v4.46 (NLCT)
)
(/usr/local/texlive/2020/texmf-dist/tex/latex/glossaries/styles/glossary-tree.s
ty
Package: glossary-tree 2020/03/19 v4.46 (NLCT)
\glstreeindent=\skip100
))
Package csquotes Info: Checking for multilingual support...
Package csquotes Info: ... none found.


Package csquotes Warning: No multilingual support.
(csquotes)                Cannot enable multilingual quotes on input line 102.

(/usr/local/texlive/2020/texmf-dist/tex/latex/l3backend/l3backend-pdfmode.def
File: l3backend-pdfmode.def 2020-03-12 L3 backend support: PDF mode
\l__kernel_color_stack_int=\count348
\l__pdf_internal_box=\box119
)
(./main.aux

LaTeX Warning: Label `subsec:process' multiply defined.

)
\openout1 = `main.aux'.

LaTeX Font Info:    Checking defaults for OML/cmm/m/it on input line 102.
LaTeX Font Info:    ... okay on input line 102.
LaTeX Font Info:    Checking defaults for OMS/cmsy/m/n on input line 102.
LaTeX Font Info:    ... okay on input line 102.
LaTeX Font Info:    Checking defaults for OT1/cmr/m/n on input line 102.
LaTeX Font Info:    ... okay on input line 102.
LaTeX Font Info:    Checking defaults for T1/cmr/m/n on input line 102.
LaTeX Font Info:    ... okay on input line 102.
LaTeX Font Info:    Checking defaults for TS1/cmr/m/n on input line 102.
LaTeX Font Info:    ... okay on input line 102.
LaTeX Font Info:    Checking defaults for OMX/cmex/m/n on input line 102.
LaTeX Font Info:    ... okay on input line 102.
LaTeX Font Info:    Checking defaults for U/cmr/m/n on input line 102.
LaTeX Font Info:    ... okay on input line 102.
LaTeX Font Info:    Trying to load font information for OT1+ptm on input line 1
02.
 (/usr/local/texlive/2020/texmf-dist/tex/latex/psnfss/ot1ptm.fd
File: ot1ptm.fd 2001/06/04 font definitions for OT1/ptm.
)
*geometry* driver: auto-detecting
*geometry* detected driver: pdftex
*geometry* verbose mode - [ preamble ] result:
* driver: pdftex
* paper: <default>
* layout: <same size as paper>
* layoutoffset:(h,v)=(0.0pt,0.0pt)
* modes: twoside 
* h-part:(L,W,R)=(108.405pt, 397.485pt, 108.405pt)
* v-part:(T,H,B)=(108.405pt, 578.15999pt, 108.405pt)
* \paperwidth=614.295pt
* \paperheight=794.96999pt
* \textwidth=397.485pt
* \textheight=578.15999pt
* \oddsidemargin=36.13501pt
* \evensidemargin=36.13501pt
* \topmargin=8.13501pt
* \headheight=12.0pt
* \headsep=16.0pt
* \topskip=10.0pt
* \footskip=30.0pt
* \marginparwidth=90.0pt
* \marginparsep=11.0pt
* \columnsep=10.0pt
* \skip\footins=9.0pt plus 4.0pt minus 2.0pt
* \hoffset=0.0pt
* \voffset=0.0pt
* \mag=1000
* \@twocolumnfalse
* \@twosidetrue
* \@mparswitchtrue
* \@reversemarginfalse
* (1in=72.27pt=25.4mm, 1cm=28.453pt)

(/usr/local/texlive/2020/texmf-dist/tex/context/base/mkii/supp-pdf.mkii
[Loading MPS to PDF converter (version 2006.09.02).]
\scratchcounter=\count349
\scratchdimen=\dimen291
\scratchbox=\box120
\nofMPsegments=\count350
\nofMParguments=\count351
\everyMPshowfont=\toks45
\MPscratchCnt=\count352
\MPscratchDim=\dimen292
\MPnumerator=\count353
\makeMPintoPDFobject=\count354
\everyMPtoPDFconversion=\toks46
) (/usr/local/texlive/2020/texmf-dist/tex/latex/epstopdf-pkg/epstopdf-base.sty
Package: epstopdf-base 2020-01-24 v2.11 Base part for package epstopdf
Package epstopdf-base Info: Redefining graphics rule for `.eps' on input line 4
85.

(/usr/local/texlive/2020/texmf-dist/tex/latex/latexconfig/epstopdf-sys.cfg
File: epstopdf-sys.cfg 2010/07/13 v1.3 Configuration of (r)epstopdf for TeX Liv
e
))
\c@lstlisting=\count355
Package caption Info: Begin \AtBeginDocument code.
Package caption Info: End \AtBeginDocument code.
LaTeX Font Info:    Trying to load font information for U+msa on input line 138
.

(/usr/local/texlive/2020/texmf-dist/tex/latex/amsfonts/umsa.fd
File: umsa.fd 2013/01/14 v3.01 AMS symbols A
)
LaTeX Font Info:    Trying to load font information for U+msb on input line 138
.

(/usr/local/texlive/2020/texmf-dist/tex/latex/amsfonts/umsb.fd
File: umsb.fd 2013/01/14 v3.01 AMS symbols B
)
LaTeX Font Info:    Trying to load font information for U+stmry on input line 1
38.

(/usr/local/texlive/2020/texmf-dist/tex/latex/stmaryrd/Ustmry.fd)

LaTeX Font Warning: Font shape `U/stmry/b/n' undefined
(Font)              using `U/stmry/m/n' instead on input line 138.

LaTeX Font Info:    Trying to load font information for U+lasy on input line 13
8.
(/usr/local/texlive/2020/texmf-dist/tex/latex/base/ulasy.fd
File: ulasy.fd 1998/08/17 v2.2e LaTeX symbol font definitions
)
LaTeX Font Info:    Trying to load font information for OT1+pcr on input line 1
38.

(/usr/local/texlive/2020/texmf-dist/tex/latex/psnfss/ot1pcr.fd
File: ot1pcr.fd 2001/06/04 font definitions for OT1/pcr.
)
(./introduction.tex Excluding 'comment' comment. [1

{/usr/local/texlive/2020/texmf-var/fonts/map/pdftex/updmap/pdftex.map}]
LaTeX Font Info:    Trying to load font information for TS1+ptm on input line 3
7.

(/usr/local/texlive/2020/texmf-dist/tex/latex/psnfss/ts1ptm.fd
File: ts1ptm.fd 2001/06/04 font definitions for TS1/ptm.
) [2]
Excluding 'comment' comment.) (./preliminaries.tex (./process.tex
Excluding 'comment' comment.) (./agree.tex [3]
<images/process3.png, id=18, 963.6pt x 542.025pt>
File: images/process3.png Graphic file (type png)
<use images/process3.png>
Package pdftex.def Info: images/process3.png  used on input line 9.
(pdftex.def)             Requested size: 337.86467pt x 186.5231pt.
 Excluding 'comment' comment.)
(./updated_process.tex [4 <./images/process3.png>]
<images/process4.jpg, id=26, 555.57562pt x 309.155pt>
File: images/process4.jpg Graphic file (type jpg)
<use images/process4.jpg>
Package pdftex.def Info: images/process4.jpg  used on input line 8.
(pdftex.def)             Requested size: 337.86467pt x 188.00876pt.
 [5 <./images/process4.jpg>])) (./implementation.tex
<images/arch.png, id=30, 462.0462pt x 108.405pt>
File: images/arch.png Graphic file (type png)
<use images/arch.png>
Package pdftex.def Info: images/arch.png  used on input line 10.
(pdftex.def)             Requested size: 397.485pt x 93.25955pt.
<images/lustre.jpg, id=31, 1132.23pt x 559.33969pt>
File: images/lustre.jpg Graphic file (type jpg)
<use images/lustre.jpg>
Package pdftex.def Info: images/lustre.jpg  used on input line 30.
(pdftex.def)             Requested size: 397.485pt x 196.36072pt.


LaTeX Warning: `!h' float specifier changed to `!ht'.

[6 <./images/arch.png>] [7 <./images/lustre.jpg>]) (./fault_modeling.tex
<images/wbs_arch4.jpg, id=41, 646.91687pt x 362.35374pt>
File: images/wbs_arch4.jpg Graphic file (type jpg)
<use images/wbs_arch4.jpg>
Package pdftex.def Info: images/wbs_arch4.jpg  used on input line 12.
(pdftex.def)             Requested size: 397.485pt x 222.63889pt.


LaTeX Warning: `!h' float specifier changed to `!ht'.

[8] [9 <./images/wbs_arch4.jpg>]
<images/inadvertent_braking.png, id=48, 349.305pt x 89.33376pt>
File: images/inadvertent_braking.png Graphic file (type png)
<use images/inadvertent_braking.png>
Package pdftex.def Info: images/inadvertent_braking.png  used on input line 42.

(pdftex.def)             Requested size: 278.23828pt x 71.16312pt.
 [10 <./images/inadvertent_braking.png>]
<images/system_sensor.pdf, id=54, 597.55246pt x 845.07718pt>
File: images/system_sensor.pdf Graphic file (type pdf)
<use images/system_sensor.pdf>
Package pdftex.def Info: images/system_sensor.pdf  used on input line 68.
(pdftex.def)             Requested size: 510.86925pt x 111.33723pt.

Overfull \hbox (113.38425pt too wide) in paragraph at lines 68--70
 [] 
 []

<images/safetyannex_sensorfault.pdf, id=56, 597.55246pt x 845.07718pt>
File: images/safetyannex_sensorfault.pdf Graphic file (type pdf)
<use images/safetyannex_sensorfault.pdf>
Package pdftex.def Info: images/safetyannex_sensorfault.pdf  used on input line
 84.
(pdftex.def)             Requested size: 510.86925pt x 77.5777pt.

Overfull \hbox (113.38425pt too wide) in paragraph at lines 84--86
 [] 
 []

[11 <./images/system_sensor.pdf> <./images/safetyannex_sensorfault.pdf>]

pdfTeX warning: /Library/TeX/texbin/pdflatex (file ./images/Comparison_with_EMV
2.pdf): PDF inclusion: found PDF version <1.6>, but at most version <1.5> allow
ed
<images/Comparison_with_EMV2.pdf, id=93, 794.97pt x 614.295pt>
File: images/Comparison_with_EMV2.pdf Graphic file (type pdf)
<use images/Comparison_with_EMV2.pdf>
Package pdftex.def Info: images/Comparison_with_EMV2.pdf  used on input line 10
5.
(pdftex.def)             Requested size: 397.485pt x 300.12965pt.
[12 <./images/Comparison_with_EMV2.pdf, page is rotated 90 degrees>]
<images/hw_fault2.png, id=169, 294.09875pt x 55.70813pt>
File: images/hw_fault2.png Graphic file (type png)
<use images/hw_fault2.png>
Package pdftex.def Info: images/hw_fault2.png  used on input line 129.
(pdftex.def)             Requested size: 238.49342pt x 45.17517pt.
<images/hw_prop_stmt.png, id=170, 511.41063pt x 87.82813pt>
File: images/hw_prop_stmt.png Graphic file (type png)
<use images/hw_prop_stmt.png>
Package pdftex.def Info: images/hw_prop_stmt.png  used on input line 145.
(pdftex.def)             Requested size: 397.485pt x 68.26308pt.
<images/hypothesisMaxN.png, id=171, 147.04938pt x 36.63687pt>
File: images/hypothesisMaxN.png Graphic file (type png)
<use images/hypothesisMaxN.png>
Package pdftex.def Info: images/hypothesisMaxN.png  used on input line 165.
(pdftex.def)             Requested size: 158.99156pt x 39.61249pt.


LaTeX Warning: `!h' float specifier changed to `!ht'.

<images/hypothesisProb.png, id=172, 181.17688pt x 38.1425pt>
File: images/hypothesisProb.png Graphic file (type png)
<use images/hypothesisProb.png>
Package pdftex.def Info: images/hypothesisProb.png  used on input line 176.
(pdftex.def)             Requested size: 198.7425pt x 41.84103pt.

LaTeX Warning: `!h' float specifier changed to `!ht'.

[13 <./images/hw_fault2.png> <./images/hw_prop_stmt.png>]
<images/commNodes.png, id=179, 496.35437pt x 325.215pt>
File: images/commNodes.png Graphic file (type png)
<use images/commNodes.png>
Package pdftex.def Info: images/commNodes.png  used on input line 198.
(pdftex.def)             Requested size: 317.98921pt x 208.35027pt.
<images/asymFaultDef.png, id=180, 404.00937pt x 81.80562pt>
File: images/asymFaultDef.png Graphic file (type png)
<use images/asymFaultDef.png>
Package pdftex.def Info: images/asymFaultDef.png  used on input line 203.
(pdftex.def)             Requested size: 397.485pt x 80.486pt.
)
(./fault_analysis2.tex [14 <./images/hypothesisMaxN.png> <./images/hypothesisPr
ob.png>] [15 <./images/commNodes.png> <./images/asymFaultDef.png>] [16]
[17] [18]
<images/mcs_detailed.png, id=207, 478.78876pt x 277.035pt>
File: images/mcs_detailed.png Graphic file (type png)
<use images/mcs_detailed.png>
Package pdftex.def Info: images/mcs_detailed.png  used on input line 133.
(pdftex.def)             Requested size: 357.73407pt x 206.98947pt.
<images/mcs_tally.png, id=208, 496.85625pt x 220.825pt>
File: images/mcs_tally.png Graphic file (type png)
<use images/mcs_tally.png>
Package pdftex.def Info: images/mcs_tally.png  used on input line 145.
(pdftex.def)             Requested size: 298.11374pt x 132.496pt.


LaTeX Warning: `!h' float specifier changed to `!ht'.

[19 <./images/mcs_detailed.png>]
<images/counterexample.png, id=214, 563.10374pt x 262.9825pt>
File: images/counterexample.png Graphic file (type png)
<use images/counterexample.png>
Package pdftex.def Info: images/counterexample.png  used on input line 163.
(pdftex.def)             Requested size: 397.485pt x 185.6354pt.
 [20 <./images/mcs_tally.png> <./images/counterexample.png>]
<images/sensorsystem.png, id=221, 703.62875pt x 261.97874pt>
File: images/sensorsystem.png Graphic file (type png)
<use images/sensorsystem.png>
Package pdftex.def Info: images/sensorsystem.png  used on input line 180.
(pdftex.def)             Requested size: 357.73407pt x 133.19165pt.
) (./related_work.tex [21 <./images/sensorsystem.png>]
<images/relatedwork.jpg, id=226, 484.81125pt x 239.39438pt>
File: images/relatedwork.jpg Graphic file (type jpg)
<use images/relatedwork.jpg>
Package pdftex.def Info: images/relatedwork.jpg  used on input line 27.
(pdftex.def)             Requested size: 397.485pt x 196.28273pt.

Underfull \vbox (badness 10000) has occurred while \output is active []

 [22 <./images/relatedwork.jpg>]) (./conclusion.tex [23])
No file main.gls.
Using TeX to sort glossary entries---this may take a while
[24] (./main.bbl
Underfull \hbox (badness 10000) in paragraph at lines 4--8
[]\OT1/ptm/m/n/9 Ansys Me-dini Tool.  $\OT1/pcr/m/n/9 https : / / www . ansys .
 com / products / systems /
 []


Underfull \hbox (badness 7522) in paragraph at lines 4--8
\OT1/pcr/m/n/9 ansys-[]medini-[]analyze / medini-[]analyze-[]capabilities$\OT1/
ptm/m/n/9 , last ac-cessed on 2020-11-
 []

[25

] [26]) [27] (./main.aux)

LaTeX Font Warning: Some font shapes were not available, defaults substituted.


LaTeX Warning: There were multiply-defined labels.

 ) 
Here is how much of TeX's memory you used:
 14273 strings out of 480608
 213101 string characters out of 5903631
 551352 words of memory out of 5000000
 29817 multiletter control sequences out of 15000+600000
 559803 words of font info for 92 fonts, out of 8000000 for 9000
 1141 hyphenation exceptions out of 8191
 51i,18n,81p,1544b,501s stack positions out of 5000i,500n,10000p,200000b,80000s
{/usr/local/texlive/2020/texmf-dist/fonts/enc/dvips/base/8r.enc}</usr/local/t
exlive/2020/texmf-dist/fonts/type1/public/amsfonts/cm/cmbx9.pfb></usr/local/tex
live/2020/texmf-dist/fonts/type1/public/amsfonts/cm/cmmi10.pfb></usr/local/texl
ive/2020/texmf-dist/fonts/type1/public/amsfonts/cm/cmmi7.pfb></usr/local/texliv
e/2020/texmf-dist/fonts/type1/public/amsfonts/cm/cmmi9.pfb></usr/local/texlive/
2020/texmf-dist/fonts/type1/public/amsfonts/cmextra/cmmib9.pfb></usr/local/texl
ive/2020/texmf-dist/fonts/type1/public/amsfonts/cm/cmr10.pfb></usr/local/texliv
e/2020/texmf-dist/fonts/type1/public/amsfonts/cm/cmr6.pfb></usr/local/texlive/2
020/texmf-dist/fonts/type1/public/amsfonts/cm/cmr7.pfb></usr/local/texlive/2020
/texmf-dist/fonts/type1/public/amsfonts/cm/cmr9.pfb></usr/local/texlive/2020/te
xmf-dist/fonts/type1/public/amsfonts/cm/cmsy10.pfb></usr/local/texlive/2020/tex
mf-dist/fonts/type1/public/amsfonts/cm/cmsy6.pfb></usr/local/texlive/2020/texmf
-dist/fonts/type1/public/amsfonts/cm/cmsy7.pfb></usr/local/texlive/2020/texmf-d
ist/fonts/type1/public/amsfonts/cm/cmsy9.pfb></usr/local/texlive/2020/texmf-dis
t/fonts/type1/urw/courier/ucrr8a.pfb></usr/local/texlive/2020/texmf-dist/fonts/
type1/urw/times/utmb8a.pfb></usr/local/texlive/2020/texmf-dist/fonts/type1/urw/
times/utmr8a.pfb></usr/local/texlive/2020/texmf-dist/fonts/type1/urw/times/utmr
i8a.pfb>
Output written on main.pdf (27 pages, 1266583 bytes).
PDF statistics:
 301 PDF objects out of 1000 (max. 8388607)
 174 compressed objects within 2 object streams
 0 named destinations out of 1000 (max. 500000)
 125 words of extra memory for PDF output out of 10000 (max. 10000000)

